\BOOKMARK [-1][]{ctitle.-1}{\376\377\131\032\165\050\142\067\127\072\146\157\116\013\166\204\123\357\232\214\213\301\122\240\133\306\144\034\175\042\225\356\230\230\170\024\172\166}{}% 1
\BOOKMARK [0][]{thuchapter.1.0}{\376\377\144\130\000\040\211\201}{ctitle.-1}% 2
\BOOKMARK [0][]{thuchapter.2.0}{\376\377\000A\000b\000s\000t\000r\000a\000c\000t}{ctitle.-1}% 3
\BOOKMARK [0][]{thuchapter.3.0}{\376\377\166\356\000\040\137\125}{ctitle.-1}% 4
\BOOKMARK [0][]{thuchapter.4.0}{\376\377\116\073\211\201\173\046\123\367\133\371\161\147\210\150}{ctitle.-1}% 5
\BOOKMARK [0][]{chapter.1}{\376\377\173\054\0001\172\340\000\040\137\025\212\000}{ctitle.-1}% 6
\BOOKMARK [0][]{chapter.2}{\376\377\173\054\0002\172\340\000\040\166\370\121\163\170\024\172\166\176\374\217\360}{ctitle.-1}% 7
\BOOKMARK [0][]{chapter.3}{\376\377\173\054\0003\172\340\000\040\225\356\230\230\143\317\217\360\116\016\133\232\116\111}{ctitle.-1}% 8
\BOOKMARK [0][]{chapter.4}{\376\377\173\054\0004\172\340\000\040\123\125\165\050\142\067\116\013\166\204\123\357\232\214\213\301\122\240\133\306\144\034\175\042\145\271\150\110\170\024\172\166}{ctitle.-1}% 9
\BOOKMARK [0][]{chapter.5}{\376\377\173\054\0005\172\340\000\040\131\032\165\050\142\067\116\013\166\204\123\357\232\214\213\301\122\240\133\306\144\034\175\042\145\271\150\110\170\024\172\166}{ctitle.-1}% 10
\BOOKMARK [0][]{chapter.6}{\376\377\173\054\0006\172\340\000\040\133\236\232\214\176\323\147\234\213\304\117\060}{ctitle.-1}% 11
\BOOKMARK [0][]{chapter.7}{\376\377\173\054\0007\172\340\000\040\140\073\176\323\116\016\134\125\147\033}{ctitle.-1}% 12
\BOOKMARK [0][]{section*.10}{\376\377\143\322\126\376\175\042\137\025}{ctitle.-1}% 13
\BOOKMARK [0][]{section*.12}{\376\377\210\150\150\074\175\042\137\025}{ctitle.-1}% 14
\BOOKMARK [0][]{section*.14}{\376\377\121\154\137\017\175\042\137\025}{ctitle.-1}% 15
\BOOKMARK [0][]{section*.16}{\376\377\201\364\000\040\214\042}{ctitle.-1}% 16
\BOOKMARK [0][]{section*.18}{\376\377\130\360\000\040\146\016}{ctitle.-1}% 17
\BOOKMARK [0][]{appendix.A}{\376\377\226\104\137\125\000\040\000A\000\040\131\026\145\207\215\104\145\231\123\237\145\207}{ctitle.-1}% 18
\BOOKMARK [1][-]{section.A.1}{\376\377\000A\000.\0001\000\040\000S\000i\000n\000g\000l\000e\000-\000O\000b\000j\000e\000c\000t\000i\000v\000e\000\040\000P\000r\000o\000g\000r\000a\000m\000m\000i\000n\000g}{appendix.A}% 19
\BOOKMARK [2][-]{subsection.A.1.1}{\376\377\000A\000.\0001\000.\0001\000\040\000L\000i\000n\000e\000a\000r\000\040\000P\000r\000o\000g\000r\000a\000m\000m\000i\000n\000g}{section.A.1}% 20
\BOOKMARK [2][-]{subsection.A.1.2}{\376\377\000A\000.\0001\000.\0002\000\040\000N\000o\000n\000l\000i\000n\000e\000a\000r\000\040\000P\000r\000o\000g\000r\000a\000m\000m\000i\000n\000g}{section.A.1}% 21
\BOOKMARK [2][-]{subsection.A.1.3}{\376\377\000A\000.\0001\000.\0003\000\040\000I\000n\000t\000e\000g\000e\000r\000\040\000P\000r\000o\000g\000r\000a\000m\000m\000i\000n\000g}{section.A.1}% 22
\BOOKMARK [0][]{appendix.B}{\376\377\226\104\137\125\000\040\000B\000\040\131\026\145\207\215\104\145\231\166\204\214\003\170\024\226\005\213\373\142\245\124\112\142\026\116\146\227\142\177\373\213\321}{ctitle.-1}% 23
\BOOKMARK [1][-]{section.B.1}{\376\377\000B\000.\0001\000\040\123\125\166\356\150\007\211\304\122\022}{appendix.B}% 24
\BOOKMARK [2][-]{subsection.B.1.1}{\376\377\000B\000.\0001\000.\0001\000\040\176\277\140\047\211\304\122\022}{section.B.1}% 25
\BOOKMARK [2][-]{subsection.B.1.2}{\376\377\000B\000.\0001\000.\0002\000\040\227\136\176\277\140\047\211\304\122\022}{section.B.1}% 26
\BOOKMARK [2][-]{subsection.B.1.3}{\376\377\000B\000.\0001\000.\0003\000\040\145\164\145\160\211\304\122\022}{section.B.1}% 27
\BOOKMARK [0][]{appendix.C}{\376\377\226\104\137\125\000\040\000C\000\040\121\166\133\203\226\104\137\125}{ctitle.-1}% 28
\BOOKMARK [0][]{section*.28}{\376\377\116\052\116\272\173\200\123\206\060\001\127\050\133\146\147\037\225\364\123\321\210\150\166\204\133\146\147\057\213\272\145\207\116\016\170\024\172\166\142\020\147\234}{ctitle.-1}% 29
